2025-05-18 18:59:57,085 [INFO] synthetic_sampler:472 Usando 11 procesos en paralelo.
2025-05-18 19:00:02,549 [INFO] synthetic_sampler:432 Comparación guardada en: D:\Portafolio oficial\Retail Sales Trend Analysis\data\data\raw\holidays_events_syn_compare.json
2025-05-18 19:00:02,549 [INFO] synthetic_sampler:440 Archivo procesado: D:\Portafolio oficial\Retail Sales Trend Analysis\data\data\raw\holidays_events.csv. Muestra sintética guardada en: D:\Portafolio oficial\Retail Sales Trend Analysis\data\data\raw\holidays_events_syn.csv
2025-05-18 19:00:02,568 [INFO] synthetic_sampler:432 Comparación guardada en: D:\Portafolio oficial\Retail Sales Trend Analysis\data\data\raw\oil_syn_compare.json
2025-05-18 19:00:02,583 [INFO] synthetic_sampler:440 Archivo procesado: D:\Portafolio oficial\Retail Sales Trend Analysis\data\data\raw\oil.csv. Muestra sintética guardada en: D:\Portafolio oficial\Retail Sales Trend Analysis\data\data\raw\oil_syn.csv
2025-05-18 19:00:02,641 [INFO] synthetic_sampler:432 Comparación guardada en: D:\Portafolio oficial\Retail Sales Trend Analysis\data\data\raw\stores_syn_compare.json
2025-05-18 19:00:02,642 [INFO] synthetic_sampler:440 Archivo procesado: D:\Portafolio oficial\Retail Sales Trend Analysis\data\data\raw\items.csv. Muestra sintética guardada en: D:\Portafolio oficial\Retail Sales Trend Analysis\data\data\raw\items_syn.csv
2025-05-18 19:00:02,642 [INFO] synthetic_sampler:440 Archivo procesado: D:\Portafolio oficial\Retail Sales Trend Analysis\data\data\raw\stores.csv. Muestra sintética guardada en: D:\Portafolio oficial\Retail Sales Trend Analysis\data\data\raw\stores_syn.csv
2025-05-18 19:00:02,834 [INFO] synthetic_sampler:432 Comparación guardada en: D:\Portafolio oficial\Retail Sales Trend Analysis\data\data\raw\oil_raw_Dukascopy_syn_compare.json
2025-05-18 19:00:02,834 [INFO] synthetic_sampler:440 Archivo procesado: D:\Portafolio oficial\Retail Sales Trend Analysis\data\data\raw\oil_raw_Dukascopy.csv. Muestra sintética guardada en: D:\Portafolio oficial\Retail Sales Trend Analysis\data\data\raw\oil_raw_Dukascopy_syn.csv
2025-05-18 19:00:03,216 [INFO] synthetic_sampler:432 Comparación guardada en: D:\Portafolio oficial\Retail Sales Trend Analysis\data\data\raw\transactions_syn_compare.json
2025-05-18 19:00:03,216 [INFO] synthetic_sampler:440 Archivo procesado: D:\Portafolio oficial\Retail Sales Trend Analysis\data\data\raw\transactions.csv. Muestra sintética guardada en: D:\Portafolio oficial\Retail Sales Trend Analysis\data\data\raw\transactions_syn.csv
2025-05-18 19:00:07,482 [INFO] synthetic_sampler:432 Comparación guardada en: D:\Portafolio oficial\Retail Sales Trend Analysis\data\data\raw\sample_submission_syn_compare.json
2025-05-18 19:00:07,483 [INFO] synthetic_sampler:440 Archivo procesado: D:\Portafolio oficial\Retail Sales Trend Analysis\data\data\raw\sample_submission.csv. Muestra sintética guardada en: D:\Portafolio oficial\Retail Sales Trend Analysis\data\data\raw\sample_submission_syn.csv
2025-05-18 19:00:14,439 [INFO] synthetic_sampler:432 Comparación guardada en: D:\Portafolio oficial\Retail Sales Trend Analysis\data\data\raw\test_syn_compare.json
2025-05-18 19:00:14,439 [INFO] synthetic_sampler:440 Archivo procesado: D:\Portafolio oficial\Retail Sales Trend Analysis\data\data\raw\test.csv. Muestra sintética guardada en: D:\Portafolio oficial\Retail Sales Trend Analysis\data\data\raw\test_syn.csv
2025-05-18 19:04:55,348 [INFO] synthetic_sampler:432 Comparación guardada en: D:\Portafolio oficial\Retail Sales Trend Analysis\data\data\raw\train_syn_compare.json
2025-05-18 19:04:55,348 [INFO] synthetic_sampler:440 Archivo procesado: D:\Portafolio oficial\Retail Sales Trend Analysis\data\data\raw\train.csv. Muestra sintética guardada en: D:\Portafolio oficial\Retail Sales Trend Analysis\data\data\raw\train_syn.csv
2025-05-18 19:04:55,349 [INFO] synthetic_sampler:504 Procesamiento completado. 9/9 archivos procesados exitosamente.
2025-05-18 21:00:47,335 [INFO] synthetic_sampler:501 Usando 11 procesos en paralelo.
2025-05-18 21:00:50,990 [WARNING] synthetic_sampler:463 No se pudo comparar distribuciones para D:\Portafolio oficial\Retail Sales Trend Analysis\data\data\raw\stores.csv: Missing column provided to 'parse_dates': 'date'
2025-05-18 21:00:51,068 [INFO] synthetic_sampler:469 Archivo procesado: D:\Portafolio oficial\Retail Sales Trend Analysis\data\data\raw\stores.csv. Muestra sintética guardada en: D:\Portafolio oficial\Retail Sales Trend Analysis\data\data\raw\stores_syn.csv
2025-05-18 21:00:51,083 [WARNING] synthetic_sampler:463 No se pudo comparar distribuciones para D:\Portafolio oficial\Retail Sales Trend Analysis\data\data\raw\items.csv: Missing column provided to 'parse_dates': 'date'
2025-05-18 21:00:51,085 [INFO] synthetic_sampler:469 Archivo procesado: D:\Portafolio oficial\Retail Sales Trend Analysis\data\data\raw\items.csv. Muestra sintética guardada en: D:\Portafolio oficial\Retail Sales Trend Analysis\data\data\raw\items_syn.csv
2025-05-18 21:00:51,118 [WARNING] synthetic_sampler:463 No se pudo comparar distribuciones para D:\Portafolio oficial\Retail Sales Trend Analysis\data\data\raw\oil_raw_Dukascopy.csv: Missing column provided to 'parse_dates': 'date'
2025-05-18 21:00:51,118 [INFO] synthetic_sampler:469 Archivo procesado: D:\Portafolio oficial\Retail Sales Trend Analysis\data\data\raw\oil_raw_Dukascopy.csv. Muestra sintética guardada en: D:\Portafolio oficial\Retail Sales Trend Analysis\data\data\raw\oil_raw_Dukascopy_syn.csv
2025-05-18 21:00:51,217 [INFO] synthetic_sampler:461 Comparación guardada en: D:\Portafolio oficial\Retail Sales Trend Analysis\data\data\raw\holidays_events_syn_compare.json
2025-05-18 21:00:51,217 [INFO] synthetic_sampler:469 Archivo procesado: D:\Portafolio oficial\Retail Sales Trend Analysis\data\data\raw\holidays_events.csv. Muestra sintética guardada en: D:\Portafolio oficial\Retail Sales Trend Analysis\data\data\raw\holidays_events_syn.csv
2025-05-18 21:00:51,520 [INFO] synthetic_sampler:461 Comparación guardada en: D:\Portafolio oficial\Retail Sales Trend Analysis\data\data\raw\oil_syn_compare.json
2025-05-18 21:00:51,520 [INFO] synthetic_sampler:469 Archivo procesado: D:\Portafolio oficial\Retail Sales Trend Analysis\data\data\raw\oil.csv. Muestra sintética guardada en: D:\Portafolio oficial\Retail Sales Trend Analysis\data\data\raw\oil_syn.csv
2025-05-18 21:00:51,725 [INFO] synthetic_sampler:461 Comparación guardada en: D:\Portafolio oficial\Retail Sales Trend Analysis\data\data\raw\train_syn copy_syn_compare.json
2025-05-18 21:00:51,726 [INFO] synthetic_sampler:469 Archivo procesado: D:\Portafolio oficial\Retail Sales Trend Analysis\data\data\raw\train_syn copy.csv. Muestra sintética guardada en: D:\Portafolio oficial\Retail Sales Trend Analysis\data\data\raw\train_syn copy_syn.csv
2025-05-18 21:00:52,078 [INFO] synthetic_sampler:461 Comparación guardada en: D:\Portafolio oficial\Retail Sales Trend Analysis\data\data\raw\transactions_syn_compare.json
2025-05-18 21:00:52,078 [INFO] synthetic_sampler:469 Archivo procesado: D:\Portafolio oficial\Retail Sales Trend Analysis\data\data\raw\transactions.csv. Muestra sintética guardada en: D:\Portafolio oficial\Retail Sales Trend Analysis\data\data\raw\transactions_syn.csv
2025-05-18 21:00:55,477 [WARNING] synthetic_sampler:463 No se pudo comparar distribuciones para D:\Portafolio oficial\Retail Sales Trend Analysis\data\data\raw\sample_submission.csv: Missing column provided to 'parse_dates': 'date'
2025-05-18 21:00:55,477 [INFO] synthetic_sampler:469 Archivo procesado: D:\Portafolio oficial\Retail Sales Trend Analysis\data\data\raw\sample_submission.csv. Muestra sintética guardada en: D:\Portafolio oficial\Retail Sales Trend Analysis\data\data\raw\sample_submission_syn.csv
2025-05-18 21:01:03,716 [INFO] synthetic_sampler:461 Comparación guardada en: D:\Portafolio oficial\Retail Sales Trend Analysis\data\data\raw\test_syn_compare.json
2025-05-18 21:01:03,716 [INFO] synthetic_sampler:469 Archivo procesado: D:\Portafolio oficial\Retail Sales Trend Analysis\data\data\raw\test.csv. Muestra sintética guardada en: D:\Portafolio oficial\Retail Sales Trend Analysis\data\data\raw\test_syn.csv
2025-05-18 21:05:46,216 [INFO] synthetic_sampler:461 Comparación guardada en: D:\Portafolio oficial\Retail Sales Trend Analysis\data\data\raw\train_syn_compare.json
2025-05-18 21:05:46,246 [INFO] synthetic_sampler:469 Archivo procesado: D:\Portafolio oficial\Retail Sales Trend Analysis\data\data\raw\train.csv. Muestra sintética guardada en: D:\Portafolio oficial\Retail Sales Trend Analysis\data\data\raw\train_syn.csv
2025-05-18 21:05:46,280 [INFO] synthetic_sampler:533 Procesamiento completado. 10/10 archivos procesados exitosamente.
2025-05-19 11:21:07,884 [INFO] synthetic_sampler:501 Usando 11 procesos en paralelo.
2025-05-19 11:21:11,951 [WARNING] synthetic_sampler:463 No se pudo comparar distribuciones para D:\Portafolio oficial\Retail Sales Trend Analysis\data\data\raw\stores.csv: Missing column provided to 'parse_dates': 'date'
2025-05-19 11:21:11,951 [INFO] synthetic_sampler:469 Archivo procesado: D:\Portafolio oficial\Retail Sales Trend Analysis\data\data\raw\stores.csv. Muestra sintética guardada en: D:\Portafolio oficial\Retail Sales Trend Analysis\data\data\raw\stores_syn.csv
2025-05-19 11:21:12,099 [WARNING] synthetic_sampler:463 No se pudo comparar distribuciones para D:\Portafolio oficial\Retail Sales Trend Analysis\data\data\raw\oil_raw_Dukascopy.csv: Missing column provided to 'parse_dates': 'date'
2025-05-19 11:21:12,099 [WARNING] synthetic_sampler:463 No se pudo comparar distribuciones para D:\Portafolio oficial\Retail Sales Trend Analysis\data\data\raw\items.csv: Missing column provided to 'parse_dates': 'date'
2025-05-19 11:21:12,099 [INFO] synthetic_sampler:469 Archivo procesado: D:\Portafolio oficial\Retail Sales Trend Analysis\data\data\raw\oil_raw_Dukascopy.csv. Muestra sintética guardada en: D:\Portafolio oficial\Retail Sales Trend Analysis\data\data\raw\oil_raw_Dukascopy_syn.csv
2025-05-19 11:21:12,101 [INFO] synthetic_sampler:469 Archivo procesado: D:\Portafolio oficial\Retail Sales Trend Analysis\data\data\raw\items.csv. Muestra sintética guardada en: D:\Portafolio oficial\Retail Sales Trend Analysis\data\data\raw\items_syn.csv
2025-05-19 11:21:12,302 [INFO] synthetic_sampler:461 Comparación guardada en: D:\Portafolio oficial\Retail Sales Trend Analysis\data\data\raw\oil_syn_compare.json
2025-05-19 11:21:12,302 [INFO] synthetic_sampler:469 Archivo procesado: D:\Portafolio oficial\Retail Sales Trend Analysis\data\data\raw\oil.csv. Muestra sintética guardada en: D:\Portafolio oficial\Retail Sales Trend Analysis\data\data\raw\oil_syn.csv
2025-05-19 11:21:12,348 [INFO] synthetic_sampler:461 Comparación guardada en: D:\Portafolio oficial\Retail Sales Trend Analysis\data\data\raw\holidays_events_syn_compare.json
2025-05-19 11:21:12,348 [INFO] synthetic_sampler:469 Archivo procesado: D:\Portafolio oficial\Retail Sales Trend Analysis\data\data\raw\holidays_events.csv. Muestra sintética guardada en: D:\Portafolio oficial\Retail Sales Trend Analysis\data\data\raw\holidays_events_syn.csv
2025-05-19 11:21:13,133 [INFO] synthetic_sampler:461 Comparación guardada en: D:\Portafolio oficial\Retail Sales Trend Analysis\data\data\raw\transactions_syn_compare.json
2025-05-19 11:21:13,133 [INFO] synthetic_sampler:469 Archivo procesado: D:\Portafolio oficial\Retail Sales Trend Analysis\data\data\raw\transactions.csv. Muestra sintética guardada en: D:\Portafolio oficial\Retail Sales Trend Analysis\data\data\raw\transactions_syn.csv
2025-05-19 11:21:13,407 [INFO] synthetic_sampler:461 Comparación guardada en: D:\Portafolio oficial\Retail Sales Trend Analysis\data\data\raw\train_syn copy_syn_compare.json
2025-05-19 11:21:13,407 [INFO] synthetic_sampler:469 Archivo procesado: D:\Portafolio oficial\Retail Sales Trend Analysis\data\data\raw\train_syn copy.csv. Muestra sintética guardada en: D:\Portafolio oficial\Retail Sales Trend Analysis\data\data\raw\train_syn copy_syn.csv
2025-05-19 11:21:16,561 [WARNING] synthetic_sampler:463 No se pudo comparar distribuciones para D:\Portafolio oficial\Retail Sales Trend Analysis\data\data\raw\sample_submission.csv: Missing column provided to 'parse_dates': 'date'
2025-05-19 11:21:16,562 [INFO] synthetic_sampler:469 Archivo procesado: D:\Portafolio oficial\Retail Sales Trend Analysis\data\data\raw\sample_submission.csv. Muestra sintética guardada en: D:\Portafolio oficial\Retail Sales Trend Analysis\data\data\raw\sample_submission_syn.csv
2025-05-19 11:21:24,605 [INFO] synthetic_sampler:461 Comparación guardada en: D:\Portafolio oficial\Retail Sales Trend Analysis\data\data\raw\test_syn_compare.json
2025-05-19 11:21:24,605 [INFO] synthetic_sampler:469 Archivo procesado: D:\Portafolio oficial\Retail Sales Trend Analysis\data\data\raw\test.csv. Muestra sintética guardada en: D:\Portafolio oficial\Retail Sales Trend Analysis\data\data\raw\test_syn.csv
2025-05-19 11:26:29,014 [INFO] synthetic_sampler:461 Comparación guardada en: D:\Portafolio oficial\Retail Sales Trend Analysis\data\data\raw\train_syn_compare.json
2025-05-19 11:26:29,039 [INFO] synthetic_sampler:469 Archivo procesado: D:\Portafolio oficial\Retail Sales Trend Analysis\data\data\raw\train.csv. Muestra sintética guardada en: D:\Portafolio oficial\Retail Sales Trend Analysis\data\data\raw\train_syn.csv
2025-05-19 11:26:29,095 [INFO] synthetic_sampler:533 Procesamiento completado. 10/10 archivos procesados exitosamente.
2025-05-19 12:39:22,902 [INFO] synthetic_sampler:502 Usando 11 procesos en paralelo.
2025-05-19 12:39:25,844 [WARNING] synthetic_sampler:464 No se pudo comparar distribuciones para D:\Portafolio oficial\Retail Sales Trend Analysis\data\data\raw\stores.csv: Missing column provided to 'parse_dates': 'date'
2025-05-19 12:39:25,844 [INFO] synthetic_sampler:470 Archivo procesado: D:\Portafolio oficial\Retail Sales Trend Analysis\data\data\raw\stores.csv. Muestra sintética guardada en: D:\Portafolio oficial\Retail Sales Trend Analysis\data\data\raw\stores_syn.csv
2025-05-19 12:39:25,969 [INFO] synthetic_sampler:462 Comparación guardada en: D:\Portafolio oficial\Retail Sales Trend Analysis\data\data\raw\holidays_events_syn_compare.json
2025-05-19 12:39:25,985 [INFO] synthetic_sampler:470 Archivo procesado: D:\Portafolio oficial\Retail Sales Trend Analysis\data\data\raw\holidays_events.csv. Muestra sintética guardada en: D:\Portafolio oficial\Retail Sales Trend Analysis\data\data\raw\holidays_events_syn.csv
2025-05-19 12:39:26,019 [WARNING] synthetic_sampler:464 No se pudo comparar distribuciones para D:\Portafolio oficial\Retail Sales Trend Analysis\data\data\raw\items.csv: Missing column provided to 'parse_dates': 'date'
2025-05-19 12:39:26,021 [INFO] synthetic_sampler:470 Archivo procesado: D:\Portafolio oficial\Retail Sales Trend Analysis\data\data\raw\items.csv. Muestra sintética guardada en: D:\Portafolio oficial\Retail Sales Trend Analysis\data\data\raw\items_syn.csv
2025-05-19 12:39:26,160 [INFO] synthetic_sampler:462 Comparación guardada en: D:\Portafolio oficial\Retail Sales Trend Analysis\data\data\raw\oil_syn_compare.json
2025-05-19 12:39:26,160 [INFO] synthetic_sampler:470 Archivo procesado: D:\Portafolio oficial\Retail Sales Trend Analysis\data\data\raw\oil.csv. Muestra sintética guardada en: D:\Portafolio oficial\Retail Sales Trend Analysis\data\data\raw\oil_syn.csv
2025-05-19 12:39:26,472 [WARNING] synthetic_sampler:464 No se pudo comparar distribuciones para D:\Portafolio oficial\Retail Sales Trend Analysis\data\data\raw\oil_raw_Dukascopy.csv: Missing column provided to 'parse_dates': 'date'
2025-05-19 12:39:26,472 [INFO] synthetic_sampler:470 Archivo procesado: D:\Portafolio oficial\Retail Sales Trend Analysis\data\data\raw\oil_raw_Dukascopy.csv. Muestra sintética guardada en: D:\Portafolio oficial\Retail Sales Trend Analysis\data\data\raw\oil_raw_Dukascopy_syn.csv
2025-05-19 12:39:26,770 [INFO] synthetic_sampler:462 Comparación guardada en: D:\Portafolio oficial\Retail Sales Trend Analysis\data\data\raw\transactions_syn_compare.json
2025-05-19 12:39:26,770 [INFO] synthetic_sampler:470 Archivo procesado: D:\Portafolio oficial\Retail Sales Trend Analysis\data\data\raw\transactions.csv. Muestra sintética guardada en: D:\Portafolio oficial\Retail Sales Trend Analysis\data\data\raw\transactions_syn.csv
2025-05-19 12:39:27,026 [INFO] synthetic_sampler:462 Comparación guardada en: D:\Portafolio oficial\Retail Sales Trend Analysis\data\data\raw\train_syn copy_syn_compare.json
2025-05-19 12:39:27,026 [INFO] synthetic_sampler:470 Archivo procesado: D:\Portafolio oficial\Retail Sales Trend Analysis\data\data\raw\train_syn copy.csv. Muestra sintética guardada en: D:\Portafolio oficial\Retail Sales Trend Analysis\data\data\raw\train_syn copy_syn.csv
2025-05-19 12:39:30,319 [WARNING] synthetic_sampler:464 No se pudo comparar distribuciones para D:\Portafolio oficial\Retail Sales Trend Analysis\data\data\raw\sample_submission.csv: Missing column provided to 'parse_dates': 'date'
2025-05-19 12:39:30,319 [INFO] synthetic_sampler:470 Archivo procesado: D:\Portafolio oficial\Retail Sales Trend Analysis\data\data\raw\sample_submission.csv. Muestra sintética guardada en: D:\Portafolio oficial\Retail Sales Trend Analysis\data\data\raw\sample_submission_syn.csv
2025-05-19 12:39:38,264 [INFO] synthetic_sampler:462 Comparación guardada en: D:\Portafolio oficial\Retail Sales Trend Analysis\data\data\raw\test_syn_compare.json
2025-05-19 12:39:38,264 [INFO] synthetic_sampler:470 Archivo procesado: D:\Portafolio oficial\Retail Sales Trend Analysis\data\data\raw\test.csv. Muestra sintética guardada en: D:\Portafolio oficial\Retail Sales Trend Analysis\data\data\raw\test_syn.csv
2025-05-19 12:44:37,974 [INFO] synthetic_sampler:462 Comparación guardada en: D:\Portafolio oficial\Retail Sales Trend Analysis\data\data\raw\train_syn_compare.json
2025-05-19 12:44:37,988 [INFO] synthetic_sampler:470 Archivo procesado: D:\Portafolio oficial\Retail Sales Trend Analysis\data\data\raw\train.csv. Muestra sintética guardada en: D:\Portafolio oficial\Retail Sales Trend Analysis\data\data\raw\train_syn.csv
2025-05-19 12:44:38,018 [INFO] synthetic_sampler:534 Procesamiento completado. 10/10 archivos procesados exitosamente.
2025-05-19 13:05:57,379 [INFO] synthetic_sampler:502 Usando 11 procesos en paralelo.
2025-05-19 13:06:00,676 [WARNING] synthetic_sampler:464 No se pudo comparar distribuciones para D:\Portafolio oficial\Retail Sales Trend Analysis\data\data\raw\stores.csv: Missing column provided to 'parse_dates': 'date'
2025-05-19 13:06:00,676 [INFO] synthetic_sampler:470 Archivo procesado: D:\Portafolio oficial\Retail Sales Trend Analysis\data\data\raw\stores.csv. Muestra sintética guardada en: D:\Portafolio oficial\Retail Sales Trend Analysis\data\data\raw\stores_syn.csv
2025-05-19 13:06:00,801 [WARNING] synthetic_sampler:464 No se pudo comparar distribuciones para D:\Portafolio oficial\Retail Sales Trend Analysis\data\data\raw\items.csv: Missing column provided to 'parse_dates': 'date'
2025-05-19 13:06:00,801 [INFO] synthetic_sampler:470 Archivo procesado: D:\Portafolio oficial\Retail Sales Trend Analysis\data\data\raw\items.csv. Muestra sintética guardada en: D:\Portafolio oficial\Retail Sales Trend Analysis\data\data\raw\items_syn.csv
2025-05-19 13:06:00,850 [INFO] synthetic_sampler:462 Comparación guardada en: D:\Portafolio oficial\Retail Sales Trend Analysis\data\data\raw\oil_syn_compare.json
2025-05-19 13:06:00,850 [INFO] synthetic_sampler:470 Archivo procesado: D:\Portafolio oficial\Retail Sales Trend Analysis\data\data\raw\oil.csv. Muestra sintética guardada en: D:\Portafolio oficial\Retail Sales Trend Analysis\data\data\raw\oil_syn.csv
2025-05-19 13:06:00,874 [INFO] synthetic_sampler:462 Comparación guardada en: D:\Portafolio oficial\Retail Sales Trend Analysis\data\data\raw\holidays_events_syn_compare.json
2025-05-19 13:06:00,874 [INFO] synthetic_sampler:470 Archivo procesado: D:\Portafolio oficial\Retail Sales Trend Analysis\data\data\raw\holidays_events.csv. Muestra sintética guardada en: D:\Portafolio oficial\Retail Sales Trend Analysis\data\data\raw\holidays_events_syn.csv
2025-05-19 13:06:00,889 [WARNING] synthetic_sampler:464 No se pudo comparar distribuciones para D:\Portafolio oficial\Retail Sales Trend Analysis\data\data\raw\oil_raw_Dukascopy.csv: Missing column provided to 'parse_dates': 'date'
2025-05-19 13:06:00,915 [INFO] synthetic_sampler:470 Archivo procesado: D:\Portafolio oficial\Retail Sales Trend Analysis\data\data\raw\oil_raw_Dukascopy.csv. Muestra sintética guardada en: D:\Portafolio oficial\Retail Sales Trend Analysis\data\data\raw\oil_raw_Dukascopy_syn.csv
2025-05-19 13:06:01,372 [INFO] synthetic_sampler:462 Comparación guardada en: D:\Portafolio oficial\Retail Sales Trend Analysis\data\data\raw\transactions_syn_compare.json
2025-05-19 13:06:01,373 [INFO] synthetic_sampler:470 Archivo procesado: D:\Portafolio oficial\Retail Sales Trend Analysis\data\data\raw\transactions.csv. Muestra sintética guardada en: D:\Portafolio oficial\Retail Sales Trend Analysis\data\data\raw\transactions_syn.csv
2025-05-19 13:06:04,909 [WARNING] synthetic_sampler:464 No se pudo comparar distribuciones para D:\Portafolio oficial\Retail Sales Trend Analysis\data\data\raw\sample_submission.csv: Missing column provided to 'parse_dates': 'date'
2025-05-19 13:06:04,910 [INFO] synthetic_sampler:470 Archivo procesado: D:\Portafolio oficial\Retail Sales Trend Analysis\data\data\raw\sample_submission.csv. Muestra sintética guardada en: D:\Portafolio oficial\Retail Sales Trend Analysis\data\data\raw\sample_submission_syn.csv
2025-05-19 13:06:13,660 [INFO] synthetic_sampler:462 Comparación guardada en: D:\Portafolio oficial\Retail Sales Trend Analysis\data\data\raw\test_syn_compare.json
2025-05-19 13:06:13,660 [INFO] synthetic_sampler:470 Archivo procesado: D:\Portafolio oficial\Retail Sales Trend Analysis\data\data\raw\test.csv. Muestra sintética guardada en: D:\Portafolio oficial\Retail Sales Trend Analysis\data\data\raw\test_syn.csv
2025-05-19 13:11:25,409 [INFO] synthetic_sampler:462 Comparación guardada en: D:\Portafolio oficial\Retail Sales Trend Analysis\data\data\raw\train_syn_compare.json
2025-05-19 13:11:25,431 [INFO] synthetic_sampler:470 Archivo procesado: D:\Portafolio oficial\Retail Sales Trend Analysis\data\data\raw\train.csv. Muestra sintética guardada en: D:\Portafolio oficial\Retail Sales Trend Analysis\data\data\raw\train_syn.csv
2025-05-19 13:11:25,468 [INFO] synthetic_sampler:534 Procesamiento completado. 9/9 archivos procesados exitosamente.
2025-05-19 13:15:17,961 [INFO] synthetic_sampler:502 Usando 11 procesos en paralelo.
2025-05-19 13:15:20,905 [WARNING] synthetic_sampler:464 No se pudo comparar distribuciones para D:\Portafolio oficial\Retail Sales Trend Analysis\data\data\raw\stores.csv: Missing column provided to 'parse_dates': 'date'
2025-05-19 13:15:20,907 [INFO] synthetic_sampler:470 Archivo procesado: D:\Portafolio oficial\Retail Sales Trend Analysis\data\data\raw\stores.csv. Muestra sintética guardada en: D:\Portafolio oficial\Retail Sales Trend Analysis\data\data\raw\stores_syn.csv
2025-05-19 13:15:20,957 [WARNING] synthetic_sampler:464 No se pudo comparar distribuciones para D:\Portafolio oficial\Retail Sales Trend Analysis\data\data\raw\items.csv: Missing column provided to 'parse_dates': 'date'
2025-05-19 13:15:20,957 [INFO] synthetic_sampler:470 Archivo procesado: D:\Portafolio oficial\Retail Sales Trend Analysis\data\data\raw\items.csv. Muestra sintética guardada en: D:\Portafolio oficial\Retail Sales Trend Analysis\data\data\raw\items_syn.csv
2025-05-19 13:15:21,068 [INFO] synthetic_sampler:462 Comparación guardada en: D:\Portafolio oficial\Retail Sales Trend Analysis\data\data\raw\holidays_events_syn_compare.json
2025-05-19 13:15:21,068 [INFO] synthetic_sampler:470 Archivo procesado: D:\Portafolio oficial\Retail Sales Trend Analysis\data\data\raw\holidays_events.csv. Muestra sintética guardada en: D:\Portafolio oficial\Retail Sales Trend Analysis\data\data\raw\holidays_events_syn.csv
2025-05-19 13:15:21,073 [WARNING] synthetic_sampler:464 No se pudo comparar distribuciones para D:\Portafolio oficial\Retail Sales Trend Analysis\data\data\raw\oil_raw_Dukascopy.csv: Missing column provided to 'parse_dates': 'date'
2025-05-19 13:15:21,073 [INFO] synthetic_sampler:470 Archivo procesado: D:\Portafolio oficial\Retail Sales Trend Analysis\data\data\raw\oil_raw_Dukascopy.csv. Muestra sintética guardada en: D:\Portafolio oficial\Retail Sales Trend Analysis\data\data\raw\oil_raw_Dukascopy_syn.csv
2025-05-19 13:15:21,107 [INFO] synthetic_sampler:462 Comparación guardada en: D:\Portafolio oficial\Retail Sales Trend Analysis\data\data\raw\oil_syn_compare.json
2025-05-19 13:15:21,128 [INFO] synthetic_sampler:470 Archivo procesado: D:\Portafolio oficial\Retail Sales Trend Analysis\data\data\raw\oil.csv. Muestra sintética guardada en: D:\Portafolio oficial\Retail Sales Trend Analysis\data\data\raw\oil_syn.csv
2025-05-19 13:15:21,511 [INFO] synthetic_sampler:462 Comparación guardada en: D:\Portafolio oficial\Retail Sales Trend Analysis\data\data\raw\transactions_syn_compare.json
2025-05-19 13:15:21,511 [INFO] synthetic_sampler:470 Archivo procesado: D:\Portafolio oficial\Retail Sales Trend Analysis\data\data\raw\transactions.csv. Muestra sintética guardada en: D:\Portafolio oficial\Retail Sales Trend Analysis\data\data\raw\transactions_syn.csv
2025-05-19 13:15:25,062 [WARNING] synthetic_sampler:464 No se pudo comparar distribuciones para D:\Portafolio oficial\Retail Sales Trend Analysis\data\data\raw\sample_submission.csv: Missing column provided to 'parse_dates': 'date'
2025-05-19 13:15:25,062 [INFO] synthetic_sampler:470 Archivo procesado: D:\Portafolio oficial\Retail Sales Trend Analysis\data\data\raw\sample_submission.csv. Muestra sintética guardada en: D:\Portafolio oficial\Retail Sales Trend Analysis\data\data\raw\sample_submission_syn.csv
2025-05-19 13:15:33,135 [INFO] synthetic_sampler:462 Comparación guardada en: D:\Portafolio oficial\Retail Sales Trend Analysis\data\data\raw\test_syn_compare.json
2025-05-19 13:15:33,135 [INFO] synthetic_sampler:470 Archivo procesado: D:\Portafolio oficial\Retail Sales Trend Analysis\data\data\raw\test.csv. Muestra sintética guardada en: D:\Portafolio oficial\Retail Sales Trend Analysis\data\data\raw\test_syn.csv
2025-05-19 13:20:40,165 [INFO] synthetic_sampler:462 Comparación guardada en: D:\Portafolio oficial\Retail Sales Trend Analysis\data\data\raw\train_syn_compare.json
2025-05-19 13:20:40,171 [INFO] synthetic_sampler:470 Archivo procesado: D:\Portafolio oficial\Retail Sales Trend Analysis\data\data\raw\train.csv. Muestra sintética guardada en: D:\Portafolio oficial\Retail Sales Trend Analysis\data\data\raw\train_syn.csv
2025-05-19 13:20:40,213 [INFO] synthetic_sampler:534 Procesamiento completado. 9/9 archivos procesados exitosamente.
2025-05-19 13:36:28,979 [INFO] synthetic_sampler:499 Usando 11 procesos en paralelo.
2025-05-19 13:36:31,919 [WARNING] synthetic_sampler:461 No se pudo comparar distribuciones para D:\Portafolio oficial\Retail Sales Trend Analysis\data\data\raw\items.csv: Missing column provided to 'parse_dates': 'date'
2025-05-19 13:36:31,919 [INFO] synthetic_sampler:467 Archivo procesado: D:\Portafolio oficial\Retail Sales Trend Analysis\data\data\raw\items.csv. Muestra sintética guardada en: D:\Portafolio oficial\Retail Sales Trend Analysis\data\data\raw\items_syn.csv
2025-05-19 13:36:31,949 [WARNING] synthetic_sampler:461 No se pudo comparar distribuciones para D:\Portafolio oficial\Retail Sales Trend Analysis\data\data\raw\stores.csv: Missing column provided to 'parse_dates': 'date'
2025-05-19 13:36:31,949 [INFO] synthetic_sampler:467 Archivo procesado: D:\Portafolio oficial\Retail Sales Trend Analysis\data\data\raw\stores.csv. Muestra sintética guardada en: D:\Portafolio oficial\Retail Sales Trend Analysis\data\data\raw\stores_syn.csv
2025-05-19 13:36:31,965 [WARNING] synthetic_sampler:461 No se pudo comparar distribuciones para D:\Portafolio oficial\Retail Sales Trend Analysis\data\data\raw\oil_raw_Dukascopy.csv: Missing column provided to 'parse_dates': 'date'
2025-05-19 13:36:31,965 [INFO] synthetic_sampler:467 Archivo procesado: D:\Portafolio oficial\Retail Sales Trend Analysis\data\data\raw\oil_raw_Dukascopy.csv. Muestra sintética guardada en: D:\Portafolio oficial\Retail Sales Trend Analysis\data\data\raw\oil_raw_Dukascopy_syn.csv
2025-05-19 13:36:32,095 [INFO] synthetic_sampler:459 Comparación guardada en: D:\Portafolio oficial\Retail Sales Trend Analysis\data\data\raw\oil_syn_compare.json
2025-05-19 13:36:32,096 [INFO] synthetic_sampler:467 Archivo procesado: D:\Portafolio oficial\Retail Sales Trend Analysis\data\data\raw\oil.csv. Muestra sintética guardada en: D:\Portafolio oficial\Retail Sales Trend Analysis\data\data\raw\oil_syn.csv
2025-05-19 13:36:32,139 [INFO] synthetic_sampler:459 Comparación guardada en: D:\Portafolio oficial\Retail Sales Trend Analysis\data\data\raw\holidays_events_syn_compare.json
2025-05-19 13:36:32,139 [INFO] synthetic_sampler:467 Archivo procesado: D:\Portafolio oficial\Retail Sales Trend Analysis\data\data\raw\holidays_events.csv. Muestra sintética guardada en: D:\Portafolio oficial\Retail Sales Trend Analysis\data\data\raw\holidays_events_syn.csv
2025-05-19 13:36:32,514 [INFO] synthetic_sampler:459 Comparación guardada en: D:\Portafolio oficial\Retail Sales Trend Analysis\data\data\raw\transactions_syn_compare.json
2025-05-19 13:36:32,514 [INFO] synthetic_sampler:467 Archivo procesado: D:\Portafolio oficial\Retail Sales Trend Analysis\data\data\raw\transactions.csv. Muestra sintética guardada en: D:\Portafolio oficial\Retail Sales Trend Analysis\data\data\raw\transactions_syn.csv
2025-05-19 13:36:35,819 [WARNING] synthetic_sampler:461 No se pudo comparar distribuciones para D:\Portafolio oficial\Retail Sales Trend Analysis\data\data\raw\sample_submission.csv: Missing column provided to 'parse_dates': 'date'
2025-05-19 13:36:35,819 [INFO] synthetic_sampler:467 Archivo procesado: D:\Portafolio oficial\Retail Sales Trend Analysis\data\data\raw\sample_submission.csv. Muestra sintética guardada en: D:\Portafolio oficial\Retail Sales Trend Analysis\data\data\raw\sample_submission_syn.csv
2025-05-19 13:36:43,871 [INFO] synthetic_sampler:459 Comparación guardada en: D:\Portafolio oficial\Retail Sales Trend Analysis\data\data\raw\test_syn_compare.json
2025-05-19 13:36:43,871 [INFO] synthetic_sampler:467 Archivo procesado: D:\Portafolio oficial\Retail Sales Trend Analysis\data\data\raw\test.csv. Muestra sintética guardada en: D:\Portafolio oficial\Retail Sales Trend Analysis\data\data\raw\test_syn.csv
2025-05-19 13:41:38,063 [INFO] synthetic_sampler:459 Comparación guardada en: D:\Portafolio oficial\Retail Sales Trend Analysis\data\data\raw\train_syn_compare.json
2025-05-19 13:41:38,068 [INFO] synthetic_sampler:467 Archivo procesado: D:\Portafolio oficial\Retail Sales Trend Analysis\data\data\raw\train.csv. Muestra sintética guardada en: D:\Portafolio oficial\Retail Sales Trend Analysis\data\data\raw\train_syn.csv
2025-05-19 13:41:38,104 [INFO] synthetic_sampler:531 Procesamiento completado. 9/9 archivos procesados exitosamente.
2025-05-19 13:55:19,707 [INFO] synthetic_sampler:501 Usando 11 procesos en paralelo.
2025-05-19 13:55:22,625 [INFO] synthetic_sampler:461 Comparación guardada en: D:\Portafolio oficial\Retail Sales Trend Analysis\data\data\raw\stores_syn_compare.json
2025-05-19 13:55:22,625 [INFO] synthetic_sampler:469 Archivo procesado: D:\Portafolio oficial\Retail Sales Trend Analysis\data\data\raw\stores.csv. Muestra sintética guardada en: D:\Portafolio oficial\Retail Sales Trend Analysis\data\data\raw\stores_syn.csv
2025-05-19 13:55:22,728 [INFO] synthetic_sampler:461 Comparación guardada en: D:\Portafolio oficial\Retail Sales Trend Analysis\data\data\raw\holidays_events_syn_compare.json
2025-05-19 13:55:22,728 [INFO] synthetic_sampler:469 Archivo procesado: D:\Portafolio oficial\Retail Sales Trend Analysis\data\data\raw\holidays_events.csv. Muestra sintética guardada en: D:\Portafolio oficial\Retail Sales Trend Analysis\data\data\raw\holidays_events_syn.csv
2025-05-19 13:55:22,832 [INFO] synthetic_sampler:461 Comparación guardada en: D:\Portafolio oficial\Retail Sales Trend Analysis\data\data\raw\items_syn_compare.json
2025-05-19 13:55:22,833 [INFO] synthetic_sampler:469 Archivo procesado: D:\Portafolio oficial\Retail Sales Trend Analysis\data\data\raw\items.csv. Muestra sintética guardada en: D:\Portafolio oficial\Retail Sales Trend Analysis\data\data\raw\items_syn.csv
2025-05-19 13:55:22,950 [INFO] synthetic_sampler:461 Comparación guardada en: D:\Portafolio oficial\Retail Sales Trend Analysis\data\data\raw\oil_raw_Dukascopy_syn_compare.json
2025-05-19 13:55:22,951 [INFO] synthetic_sampler:469 Archivo procesado: D:\Portafolio oficial\Retail Sales Trend Analysis\data\data\raw\oil_raw_Dukascopy.csv. Muestra sintética guardada en: D:\Portafolio oficial\Retail Sales Trend Analysis\data\data\raw\oil_raw_Dukascopy_syn.csv
2025-05-19 13:55:22,963 [INFO] synthetic_sampler:461 Comparación guardada en: D:\Portafolio oficial\Retail Sales Trend Analysis\data\data\raw\oil_syn_compare.json
2025-05-19 13:55:22,963 [INFO] synthetic_sampler:469 Archivo procesado: D:\Portafolio oficial\Retail Sales Trend Analysis\data\data\raw\oil.csv. Muestra sintética guardada en: D:\Portafolio oficial\Retail Sales Trend Analysis\data\data\raw\oil_syn.csv
2025-05-19 13:55:23,158 [INFO] synthetic_sampler:461 Comparación guardada en: D:\Portafolio oficial\Retail Sales Trend Analysis\data\data\raw\transactions_syn_compare.json
2025-05-19 13:55:23,158 [INFO] synthetic_sampler:469 Archivo procesado: D:\Portafolio oficial\Retail Sales Trend Analysis\data\data\raw\transactions.csv. Muestra sintética guardada en: D:\Portafolio oficial\Retail Sales Trend Analysis\data\data\raw\transactions_syn.csv
2025-05-19 13:55:26,636 [INFO] synthetic_sampler:461 Comparación guardada en: D:\Portafolio oficial\Retail Sales Trend Analysis\data\data\raw\sample_submission_syn_compare.json
2025-05-19 13:55:26,636 [INFO] synthetic_sampler:469 Archivo procesado: D:\Portafolio oficial\Retail Sales Trend Analysis\data\data\raw\sample_submission.csv. Muestra sintética guardada en: D:\Portafolio oficial\Retail Sales Trend Analysis\data\data\raw\sample_submission_syn.csv
2025-05-19 13:55:34,136 [INFO] synthetic_sampler:461 Comparación guardada en: D:\Portafolio oficial\Retail Sales Trend Analysis\data\data\raw\test_syn_compare.json
2025-05-19 13:55:34,136 [INFO] synthetic_sampler:469 Archivo procesado: D:\Portafolio oficial\Retail Sales Trend Analysis\data\data\raw\test.csv. Muestra sintética guardada en: D:\Portafolio oficial\Retail Sales Trend Analysis\data\data\raw\test_syn.csv
2025-05-19 14:06:19,190 [INFO] synthetic_sampler:501 Usando 11 procesos en paralelo.
2025-05-19 14:06:22,091 [INFO] synthetic_sampler:461 Comparación guardada en: D:\Portafolio oficial\Retail Sales Trend Analysis\data\data\raw\stores_syn_compare.json
2025-05-19 14:06:22,091 [INFO] synthetic_sampler:469 Archivo procesado: D:\Portafolio oficial\Retail Sales Trend Analysis\data\data\raw\stores.csv. Muestra sintética guardada en: D:\Portafolio oficial\Retail Sales Trend Analysis\data\data\raw\stores_syn.csv
2025-05-19 14:06:22,183 [INFO] synthetic_sampler:461 Comparación guardada en: D:\Portafolio oficial\Retail Sales Trend Analysis\data\data\raw\holidays_events_syn_compare.json
2025-05-19 14:06:22,183 [INFO] synthetic_sampler:469 Archivo procesado: D:\Portafolio oficial\Retail Sales Trend Analysis\data\data\raw\holidays_events.csv. Muestra sintética guardada en: D:\Portafolio oficial\Retail Sales Trend Analysis\data\data\raw\holidays_events_syn.csv
2025-05-19 14:06:22,205 [INFO] synthetic_sampler:461 Comparación guardada en: D:\Portafolio oficial\Retail Sales Trend Analysis\data\data\raw\oil_syn_compare.json
2025-05-19 14:06:22,205 [INFO] synthetic_sampler:469 Archivo procesado: D:\Portafolio oficial\Retail Sales Trend Analysis\data\data\raw\oil.csv. Muestra sintética guardada en: D:\Portafolio oficial\Retail Sales Trend Analysis\data\data\raw\oil_syn.csv
2025-05-19 14:06:22,289 [INFO] synthetic_sampler:461 Comparación guardada en: D:\Portafolio oficial\Retail Sales Trend Analysis\data\data\raw\oil_raw_Dukascopy_syn_compare.json
2025-05-19 14:06:22,289 [INFO] synthetic_sampler:469 Archivo procesado: D:\Portafolio oficial\Retail Sales Trend Analysis\data\data\raw\oil_raw_Dukascopy.csv. Muestra sintética guardada en: D:\Portafolio oficial\Retail Sales Trend Analysis\data\data\raw\oil_raw_Dukascopy_syn.csv
2025-05-19 14:06:22,497 [INFO] synthetic_sampler:461 Comparación guardada en: D:\Portafolio oficial\Retail Sales Trend Analysis\data\data\raw\items_syn_compare.json
2025-05-19 14:06:22,497 [INFO] synthetic_sampler:469 Archivo procesado: D:\Portafolio oficial\Retail Sales Trend Analysis\data\data\raw\items.csv. Muestra sintética guardada en: D:\Portafolio oficial\Retail Sales Trend Analysis\data\data\raw\items_syn.csv
2025-05-19 14:06:22,668 [INFO] synthetic_sampler:461 Comparación guardada en: D:\Portafolio oficial\Retail Sales Trend Analysis\data\data\raw\transactions_syn_compare.json
2025-05-19 14:06:22,668 [INFO] synthetic_sampler:469 Archivo procesado: D:\Portafolio oficial\Retail Sales Trend Analysis\data\data\raw\transactions.csv. Muestra sintética guardada en: D:\Portafolio oficial\Retail Sales Trend Analysis\data\data\raw\transactions_syn.csv
2025-05-19 14:06:26,736 [INFO] synthetic_sampler:461 Comparación guardada en: D:\Portafolio oficial\Retail Sales Trend Analysis\data\data\raw\sample_submission_syn_compare.json
2025-05-19 14:06:26,736 [INFO] synthetic_sampler:469 Archivo procesado: D:\Portafolio oficial\Retail Sales Trend Analysis\data\data\raw\sample_submission.csv. Muestra sintética guardada en: D:\Portafolio oficial\Retail Sales Trend Analysis\data\data\raw\sample_submission_syn.csv
2025-05-19 14:06:33,825 [INFO] synthetic_sampler:461 Comparación guardada en: D:\Portafolio oficial\Retail Sales Trend Analysis\data\data\raw\test_syn_compare.json
2025-05-19 14:06:33,825 [INFO] synthetic_sampler:469 Archivo procesado: D:\Portafolio oficial\Retail Sales Trend Analysis\data\data\raw\test.csv. Muestra sintética guardada en: D:\Portafolio oficial\Retail Sales Trend Analysis\data\data\raw\test_syn.csv
2025-05-19 14:11:33,337 [INFO] synthetic_sampler:461 Comparación guardada en: D:\Portafolio oficial\Retail Sales Trend Analysis\data\data\raw\train_syn_compare.json
2025-05-19 14:11:33,358 [INFO] synthetic_sampler:469 Archivo procesado: D:\Portafolio oficial\Retail Sales Trend Analysis\data\data\raw\train.csv. Muestra sintética guardada en: D:\Portafolio oficial\Retail Sales Trend Analysis\data\data\raw\train_syn.csv
2025-05-19 14:11:33,403 [INFO] synthetic_sampler:533 Procesamiento completado. 9/9 archivos procesados exitosamente.
